#
# There is insufficient memory for the Java Runtime Environment to continue.
# Native memory allocation (malloc) failed to allocate 1048576 bytes for AllocateHeap
# Possible reasons:
#   The system is out of physical RAM or swap space
#   The process is running with CompressedOops enabled, and the Java Heap may be blocking the growth of the native heap
# Possible solutions:
#   Reduce memory load on the system
#   Increase physical memory or swap space
#   Check if swap backing store is full
#   Decrease Java heap size (-Xmx/-Xms)
#   Decrease number of Java threads
#   Decrease Java thread stack sizes (-Xss)
#   Set larger code cache with -XX:ReservedCodeCacheSize=
# This output file may be truncated or incomplete.
#
#  Out of Memory Error (./src/hotspot/share/memory/allocation.cpp:46), pid=21840, tid=22460
#
# JRE version:  (11.0.12+7) (build )
# Java VM: OpenJDK 64-Bit Server VM (11.0.12+7-b1504.40, mixed mode, sharing, tiered, compressed oops, g1 gc, windows-amd64)
# No core dump will be written. Minidumps are not enabled by default on client versions of Windows
#

---------------  S U M M A R Y ------------

Command Line: -Djava.rmi.server.hostname=127.0.0.1 -Duser.timezone=UTC -Xmx4096m -Xms128m -Dfile.encoding=UTF-8 com.intellij.database.remote.RemoteJdbcServer com.mysql.cj.jdbc.Driver

Host: 11th Gen Intel(R) Core(TM) i5-1135G7 @ 2.40GHz, 8 cores, 15G,  Windows 10 , 64 bit Build 19041 (10.0.19041.1202)
Time: Fri Nov  5 14:46:00 2021 中国标准时间 elapsed time: 0.010207 seconds (0d 0h 0m 0s)

---------------  T H R E A D  ---------------

Current thread (0x000001c50c2fb800):  JavaThread "Unknown thread" [_thread_in_vm, id=22460, stack(0x0000004ce2900000,0x0000004ce2a00000)]

Stack: [0x0000004ce2900000,0x0000004ce2a00000]
Native frames: (J=compiled Java code, j=interpreted, Vv=VM code, C=native code)
V  [jvm.dll+0x5ff40a]
V  [jvm.dll+0x783b65]
V  [jvm.dll+0x78517d]
V  [jvm.dll+0x785833]
V  [jvm.dll+0x249408]
V  [jvm.dll+0xb8804]
V  [jvm.dll+0x2ea187]
V  [jvm.dll+0x2e318a]
V  [jvm.dll+0x761f57]
V  [jvm.dll+0x76374c]
V  [jvm.dll+0x362ab9]
V  [jvm.dll+0x7455be]
V  [jvm.dll+0x3cb673]
V  [jvm.dll+0x3cda21]
C  [jli.dll+0x536b]
C  [ucrtbase.dll+0x21bb2]
C  [KERNEL32.DLL+0x17034]
C  [ntdll.dll+0x52651]


---------------  P R O C E S S  ---------------

Threads class SMR info:
_java_thread_list=0x000001c50a1c3470, length=0, elements={
}

Java Threads: ( => current thread )

Other Threads:
  0x000001c50c312000 GCTaskThread "GC Thread#0" [stack: 0x0000004ce2a00000,0x0000004ce2b00000] [id=23836]

[error occurred during error reporting (printing all threads), id 0xc0000005, EXCEPTION_ACCESS_VIOLATION (0xc0000005) at pc=0x00007ffcefe7f560]

VM state:not at safepoint (not fully initialized)

VM Mutex/Monitor currently owned by a thread:  ([mutex/lock_event])
[0x000001c50c2f7430] Heap_lock - owner thread: 0x000001c50c2fb800

Heap address: 0x0000000700000000, size: 4096 MB, Compressed Oops mode: Non-zero based: 0x0000000700000000
Narrow klass base: 0x0000000000000000, Narrow klass shift: 0

GC Heap History (0 events):
No events

Deoptimization events (0 events):
No events

Classes redefined (0 events):
No events

Internal exceptions (0 events):
No events

Events (1 events):
Event: 0.006 Loaded shared library D:\Program Files\JetBrains\IntelliJ IDEA 2021.2.3\jbr\bin\zip.dll


Dynamic libraries:
0x00007ff7a7d50000 - 0x00007ff7a7d5a000 	D:\Program Files\JetBrains\IntelliJ IDEA 2021.2.3\jbr\bin\java.exe
0x00007ffd65790000 - 0x00007ffd65985000 	C:\Windows\SYSTEM32\ntdll.dll
0x00007ffd63970000 - 0x00007ffd63a2e000 	C:\Windows\System32\KERNEL32.DLL
0x00007ffd63010000 - 0x00007ffd632d9000 	C:\Windows\System32\KERNELBASE.dll
0x00007ffd63650000 - 0x00007ffd63750000 	C:\Windows\System32\ucrtbase.dll
0x00007ffd43d70000 - 0x00007ffd43d87000 	D:\Program Files\JetBrains\IntelliJ IDEA 2021.2.3\jbr\bin\VCRUNTIME140.dll
0x00007ffd4a290000 - 0x00007ffd4a2a9000 	D:\Program Files\JetBrains\IntelliJ IDEA 2021.2.3\jbr\bin\jli.dll
0x00007ffd64d50000 - 0x00007ffd64ef1000 	C:\Windows\System32\USER32.dll
0x00007ffd63580000 - 0x00007ffd635a2000 	C:\Windows\System32\win32u.dll
0x00007ffd63890000 - 0x00007ffd638bb000 	C:\Windows\System32\GDI32.dll
0x00007ffd4b5e0000 - 0x00007ffd4b87a000 	C:\Windows\WinSxS\amd64_microsoft.windows.common-controls_6595b64144ccf1df_6.0.19041.1110_none_60b5254171f9507e\COMCTL32.dll
0x00007ffd63340000 - 0x00007ffd6344b000 	C:\Windows\System32\gdi32full.dll
0x00007ffd64400000 - 0x00007ffd6449e000 	C:\Windows\System32\msvcrt.dll
0x00007ffd635b0000 - 0x00007ffd6364d000 	C:\Windows\System32\msvcp_win.dll
0x00007ffd63dd0000 - 0x00007ffd63e00000 	C:\Windows\System32\IMM32.DLL
0x00007ffd2c710000 - 0x00007ffd2c7ad000 	D:\Program Files\JetBrains\IntelliJ IDEA 2021.2.3\jbr\bin\msvcp140.dll
0x00007ffcefb90000 - 0x00007ffcf06e8000 	D:\Program Files\JetBrains\IntelliJ IDEA 2021.2.3\jbr\bin\server\jvm.dll
0x00007ffd638c0000 - 0x00007ffd6396c000 	C:\Windows\System32\ADVAPI32.dll
0x00007ffd637f0000 - 0x00007ffd6388b000 	C:\Windows\System32\sechost.dll
0x00007ffd646c0000 - 0x00007ffd647ea000 	C:\Windows\System32\RPCRT4.dll
0x00007ffd64b50000 - 0x00007ffd64b58000 	C:\Windows\System32\PSAPI.DLL
0x00007ffd45150000 - 0x00007ffd45159000 	C:\Windows\SYSTEM32\WSOCK32.dll
0x00007ffd644a0000 - 0x00007ffd6450b000 	C:\Windows\System32\WS2_32.dll
0x00007ffd5c080000 - 0x00007ffd5c08a000 	C:\Windows\SYSTEM32\VERSION.dll
0x00007ffd4b880000 - 0x00007ffd4b8a7000 	C:\Windows\SYSTEM32\WINMM.dll
0x00007ffd616f0000 - 0x00007ffd61702000 	C:\Windows\SYSTEM32\kernel.appcore.dll
0x00007ffd4a270000 - 0x00007ffd4a281000 	D:\Program Files\JetBrains\IntelliJ IDEA 2021.2.3\jbr\bin\verify.dll
0x00007ffd614e0000 - 0x00007ffd616c4000 	C:\Windows\SYSTEM32\DBGHELP.DLL
0x00007ffd4d0e0000 - 0x00007ffd4d10c000 	C:\Windows\SYSTEM32\dbgcore.DLL
0x00007ffd63750000 - 0x00007ffd637d3000 	C:\Windows\System32\bcryptPrimitives.dll
0x00007ffd482d0000 - 0x00007ffd482f9000 	D:\Program Files\JetBrains\IntelliJ IDEA 2021.2.3\jbr\bin\java.dll
0x00007ffd5dfa0000 - 0x00007ffd5dfab000 	D:\Program Files\JetBrains\IntelliJ IDEA 2021.2.3\jbr\bin\jimage.dll
0x00007ffd43a60000 - 0x00007ffd43a78000 	D:\Program Files\JetBrains\IntelliJ IDEA 2021.2.3\jbr\bin\zip.dll

dbghelp: loaded successfully - version: 4.0.5 - missing functions: none
symbol engine: initialized successfully - sym options: 0x614 - pdb path: .;D:\Program Files\JetBrains\IntelliJ IDEA 2021.2.3\jbr\bin;C:\Windows\SYSTEM32;C:\Windows\WinSxS\amd64_microsoft.windows.common-controls_6595b64144ccf1df_6.0.19041.1110_none_60b5254171f9507e;D:\Program Files\JetBrains\IntelliJ IDEA 2021.2.3\jbr\bin\server

VM Arguments:
jvm_args: -Djava.rmi.server.hostname=127.0.0.1 -Duser.timezone=UTC -Xmx4096m -Xms128m -Dfile.encoding=UTF-8 
java_command: com.intellij.database.remote.RemoteJdbcServer com.mysql.cj.jdbc.Driver
java_class_path (initial): D:\Program Files\JetBrains\IntelliJ IDEA 2021.2.3\lib\util.jar;D:\Program Files\JetBrains\IntelliJ IDEA 2021.2.3\lib\groovy-2.5.14.jar;D:\Program Files\JetBrains\IntelliJ IDEA 2021.2.3\plugins\DatabaseTools\lib\jdbc-console.jar;C:\Users\24818\AppData\Roaming\JetBrains\IntelliJIdea2021.2\jdbc-drivers\MySQL ConnectorJ\8.0.25\mysql-connector-java-8.0.25.jar
Launcher Type: SUN_STANDARD

[Global flags]
     intx CICompilerCount                          = 4                                         {product} {ergonomic}
     uint ConcGCThreads                            = 2                                         {product} {ergonomic}
     uint G1ConcRefinementThreads                  = 8                                         {product} {ergonomic}
   size_t G1HeapRegionSize                         = 1048576                                   {product} {ergonomic}
    uintx GCDrainStackTargetSize                   = 64                                        {product} {ergonomic}
   size_t InitialHeapSize                          = 134217728                                 {product} {command line}
   size_t MarkStackSize                            = 4194304                                   {product} {ergonomic}
   size_t MaxHeapSize                              = 4294967296                                {product} {command line}
   size_t MinHeapDeltaBytes                        = 1048576                                   {product} {ergonomic}
    uintx NonNMethodCodeHeapSize                   = 5836300                                {pd product} {ergonomic}
    uintx NonProfiledCodeHeapSize                  = 122910970                              {pd product} {ergonomic}
    uintx ProfiledCodeHeapSize                     = 122910970                              {pd product} {ergonomic}
    uintx ReservedCodeCacheSize                    = 251658240                              {pd product} {ergonomic}
     bool SegmentedCodeCache                       = true                                      {product} {ergonomic}
     bool UseCompressedClassPointers               = true                                 {lp64_product} {ergonomic}
     bool UseCompressedOops                        = true                                 {lp64_product} {ergonomic}
     bool UseG1GC                                  = true                                      {product} {ergonomic}
     bool UseLargePagesIndividualAllocation        = false                                  {pd product} {ergonomic}

Logging:
Log output configuration:
 #0: stdout all=warning uptime,level,tags
 #1: stderr all=off uptime,level,tags

Environment Variables:
JAVA_HOME=D:\software\Java\jdk1.8.0_291
CLASSPATH=.;D:\software\Java\jdk1.8.0_291\lib\dt.jar;D:\software\Java\jdk1.8.0_291\lib\tools.jar;D:\software\apache-tomcat-10.0.8\common\lib\servlet-api.jar;
PATH=D:\software\Java\jdk1.8.0_291\bin;D:\software\Java\jdk1.8.0_291\jre\bin;D:\software\apache-maven-3.8.2\bin;D:\software\WINDOWS.X64_193000_db_home\bin;C:\Program Files (x86)\Common Files\Oracle\Java\javapath;D:\Program Files (x86)\NetSarang\Xftp 6\;C:\Windows\system32;C:\Windows;C:\Windows\System32\Wbem;C:\Windows\System32\WindowsPowerShell\v1.0\;C:\Windows\System32\OpenSSH\;C:\Program Files\NVIDIA Corporation\NVIDIA NvDLISR;D:\software\Git\cmd;D:\MinGW\bin;D:\Program Files\CMake\bin;D:\opencv\build\x64\vc14\bin;D:\Go\bin;D:\Program Files (x86)\Microsoft Visual Studio\2019\Community\VC\Tools\MSVC\14.28.29333\bin\Hostx86\x86;D:\Program Files\PuTTY\;D:\Program Files (x86)\NetSarang\Xshell 7\;D:\Download\Programs\Redis-x64-5.0.10;D:\Techik\dat2png\bin;D:\Program Files (x86)\AOMEI\AOMEI Backupper 5.7.0;D:\software\mysql-8.0.25-winx64\bin;D:\software\gradle-7.1.1\bin;D:\software\apache-tomcat-10.0.8\bin;D:\software\Java\jdk1.8.0_291\bin\keytool.exe;D:\software\Redis-x64-5.0.10；;D:\Program Files\nodejs\;C:\Users\24818\AppData\Local\Microsoft\WindowsApps;D:\software\bandzip\;D:\software\Microsoft VS Code\bin;D:\software\texlive\2020\bin\win32;C:\Users\24818\AppData\Local\GitHubDesktop\bin;C:\Users\24818\go\bin;D:\Program Files\JetBrains\GoLand 2020.3.1\bin;;D:\Program Files\JetBrains\IntelliJ IDEA 2021.2.3\bin;;C:\Users\24818\AppData\Roaming\npm
USERNAME=24818
OS=Windows_NT
PROCESSOR_IDENTIFIER=Intel64 Family 6 Model 140 Stepping 1, GenuineIntel



---------------  S Y S T E M  ---------------

OS: Windows 10 , 64 bit Build 19041 (10.0.19041.1202)
OS uptime: 0 days 6:03 hours
Hyper-V role detected

CPU:total 8 (initial active 8) (4 cores per cpu, 2 threads per core) family 6 model 140 stepping 1 microcode 0x8a, cmov, cx8, fxsr, mmx, sse, sse2, sse3, ssse3, sse4.1, sse4.2, popcnt, avx, avx2, aes, clmul, erms, 3dnowpref, lzcnt, ht, tsc, tscinvbit, bmi1, bmi2, adx, evex, sha, fma

Memory: 4k page, system-wide physical 16167M (4277M free)
TotalPageFile size 20263M (AvailPageFile size 5M)
current process WorkingSet (physical memory assigned to process): 10M, peak: 10M
current process commit charge ("private bytes"): 56M, peak: 57M

vm_info: OpenJDK 64-Bit Server VM (11.0.12+7-b1504.40) for windows-amd64 JRE (11.0.12+7-b1504.40), built on Sep 23 2021 14:38:03 by "" with MS VC++ 14.0 (VS2015)

END.
